<?xml version="1.0" encoding="UTF-8"?>
<!-- Generated by org.testng.reporters.JUnitXMLReporter -->
<testsuite hostname="IN2196867W4" ignored="0" name="Test" tests="3" failures="0" timestamp="2021-04-20T09:49:23 IST" time="27.606" errors="0">
  <testcase name="loginandlogout" time="10.394" classname="democlass.facebookloginandlogout"/>
  <testcase name="loginandlogout" time="8.995" classname="democlass.facebookloginandlogout"/>
  <testcase name="loginandlogout" time="7.662" classname="democlass.facebookloginandlogout"/>
</testsuite> <!-- Test -->
