<?xml version="1.0" encoding="UTF-8"?>
<testng-results skipped="0" failed="0" ignored="0" total="3" passed="3">
  <reporter-output>
  </reporter-output>
  <suite name="Suite" duration-ms="27606" started-at="2021-04-20T09:48:55 IST" finished-at="2021-04-20T09:49:23 IST">
    <groups>
    </groups>
    <test name="Test" duration-ms="27606" started-at="2021-04-20T09:48:55 IST" finished-at="2021-04-20T09:49:23 IST">
      <class name="democlass.facebookloginandlogout">
        <test-method status="PASS" signature="launch()[pri:0, instance:democlass.facebookloginandlogout@150c158]" name="launch" is-config="true" duration-ms="7356" started-at="2021-04-20T09:48:48 IST" finished-at="2021-04-20T09:48:55 IST">
          <reporter-output>
          </reporter-output>
        </test-method> <!-- launch -->
        <test-method status="PASS" signature="loginandlogout(java.lang.String,java.lang.String)[pri:0, instance:democlass.facebookloginandlogout@150c158]" name="loginandlogout" duration-ms="10394" started-at="2021-04-20T09:48:56 IST" data-provider="datavalue" finished-at="2021-04-20T09:49:06 IST">
          <params>
            <param index="0">
              <value>
                <![CDATA[kumar.sathish189@gmail.com]]>
              </value>
            </param>
            <param index="1">
              <value>
                <![CDATA[Admin@123]]>
              </value>
            </param>
          </params>
          <reporter-output>
          </reporter-output>
        </test-method> <!-- loginandlogout -->
        <test-method status="PASS" signature="loginandlogout(java.lang.String,java.lang.String)[pri:0, instance:democlass.facebookloginandlogout@150c158]" name="loginandlogout" duration-ms="8995" started-at="2021-04-20T09:49:06 IST" data-provider="datavalue" finished-at="2021-04-20T09:49:15 IST">
          <params>
            <param index="0">
              <value>
                <![CDATA[kumar.sathish189@gmail.com]]>
              </value>
            </param>
            <param index="1">
              <value>
                <![CDATA[Admin@123]]>
              </value>
            </param>
          </params>
          <reporter-output>
          </reporter-output>
        </test-method> <!-- loginandlogout -->
        <test-method status="PASS" signature="loginandlogout(java.lang.String,java.lang.String)[pri:0, instance:democlass.facebookloginandlogout@150c158]" name="loginandlogout" duration-ms="7662" started-at="2021-04-20T09:49:15 IST" data-provider="datavalue" finished-at="2021-04-20T09:49:23 IST">
          <params>
            <param index="0">
              <value>
                <![CDATA[kumar.sathish189@gmail.com]]>
              </value>
            </param>
            <param index="1">
              <value>
                <![CDATA[Admin@123]]>
              </value>
            </param>
          </params>
          <reporter-output>
          </reporter-output>
        </test-method> <!-- loginandlogout -->
        <test-method status="PASS" signature="teardown()[pri:0, instance:democlass.facebookloginandlogout@150c158]" name="teardown" is-config="true" duration-ms="1700" started-at="2021-04-20T09:49:23 IST" finished-at="2021-04-20T09:49:24 IST">
          <reporter-output>
          </reporter-output>
        </test-method> <!-- teardown -->
      </class> <!-- democlass.facebookloginandlogout -->
    </test> <!-- Test -->
  </suite> <!-- Suite -->
</testng-results>
